{"/home/doug/workspace/gambit/packages/core/src/api/define-component.ts":{"path":"/home/doug/workspace/gambit/packages/core/src/api/define-component.ts","statementMap":{"0":{"start":{"line":6,"column":22},"end":{"line":6,"column":154}},"1":{"start":{"line":9,"column":4},"end":{"line":9,"column":33}},"2":{"start":{"line":11,"column":15},"end":{"line":52,"column":6}},"3":{"start":{"line":17,"column":12},"end":{"line":17,"column":20}},"4":{"start":{"line":13,"column":8},"end":{"line":13,"column":31}},"5":{"start":{"line":14,"column":8},"end":{"line":14,"column":30}},"6":{"start":{"line":19,"column":12},"end":{"line":21,"column":19}},"7":{"start":{"line":20,"column":16},"end":{"line":20,"column":124}},"8":{"start":{"line":23,"column":25},"end":{"line":28,"column":13}},"9":{"start":{"line":24,"column":16},"end":{"line":26,"column":null}},"10":{"start":{"line":25,"column":20},"end":{"line":25,"column":100}},"11":{"start":{"line":27,"column":16},"end":{"line":27,"column":70}},"12":{"start":{"line":30,"column":12},"end":{"line":32,"column":14}},"13":{"start":{"line":36,"column":12},"end":{"line":36,"column":43}},"14":{"start":{"line":38,"column":12},"end":{"line":38,"column":58}},"15":{"start":{"line":42,"column":12},"end":{"line":42,"column":46}},"16":{"start":{"line":46,"column":12},"end":{"line":46,"column":41}},"17":{"start":{"line":50,"column":12},"end":{"line":50,"column":48}},"18":{"start":{"line":54,"column":4},"end":{"line":54,"column":39}},"19":{"start":{"line":56,"column":4},"end":{"line":56,"column":17}}},"fnMap":{"0":{"name":"(anonymous_2)","decl":{"start":{"line":8,"column":15},"end":{"line":8,"column":16}},"loc":{"start":{"line":8,"column":138},"end":{"line":57,"column":1}}},"1":{"name":"(anonymous_3)","decl":{"start":{"line":16,"column":8},"end":{"line":16,"column":null}},"loc":{"start":{"line":16,"column":8},"end":{"line":33,"column":9}}},"2":{"name":"(anonymous_4)","decl":{"start":{"line":19,"column":55},"end":{"line":19,"column":56}},"loc":{"start":{"line":19,"column":85},"end":{"line":21,"column":13}}},"3":{"name":"(anonymous_5)","decl":{"start":{"line":23,"column":25},"end":{"line":23,"column":26}},"loc":{"start":{"line":23,"column":55},"end":{"line":28,"column":13}}},"4":{"name":"(anonymous_6)","decl":{"start":{"line":35,"column":8},"end":{"line":35,"column":25}},"loc":{"start":{"line":35,"column":25},"end":{"line":39,"column":9}}},"5":{"name":"(anonymous_7)","decl":{"start":{"line":41,"column":8},"end":{"line":41,"column":28}},"loc":{"start":{"line":41,"column":28},"end":{"line":43,"column":9}}},"6":{"name":"(anonymous_8)","decl":{"start":{"line":45,"column":8},"end":{"line":45,"column":23}},"loc":{"start":{"line":45,"column":23},"end":{"line":47,"column":9}}},"7":{"name":"(anonymous_9)","decl":{"start":{"line":49,"column":8},"end":{"line":49,"column":32}},"loc":{"start":{"line":49,"column":75},"end":{"line":51,"column":9}}}},"branchMap":{"0":{"loc":{"start":{"line":8,"column":31},"end":{"line":8,"column":41}},"type":"default-arg","locations":[{"start":{"line":8,"column":39},"end":{"line":8,"column":41}}]},"1":{"loc":{"start":{"line":24,"column":16},"end":{"line":26,"column":null}},"type":"if","locations":[{"start":{"line":24,"column":16},"end":{"line":26,"column":null}}]},"2":{"loc":{"start":{"line":24,"column":20},"end":{"line":24,"column":51}},"type":"binary-expr","locations":[{"start":{"line":24,"column":20},"end":{"line":24,"column":25}},{"start":{"line":24,"column":29},"end":{"line":24,"column":51}}]}},"s":{"0":1,"1":1,"2":1,"3":1,"4":1,"5":1,"6":1,"7":0,"8":1,"9":0,"10":0,"11":0,"12":1,"13":1,"14":1,"15":1,"16":0,"17":0,"18":1,"19":1},"f":{"0":1,"1":1,"2":0,"3":0,"4":1,"5":1,"6":0,"7":0},"b":{"0":[1],"1":[0],"2":[0,0]}},"/home/doug/workspace/gambit/packages/core/src/api/use-observable.ts":{"path":"/home/doug/workspace/gambit/packages/core/src/api/use-observable.ts","statementMap":{"0":{"start":{"line":3,"column":19},"end":{"line":3,"column":94}},"1":{"start":{"line":3,"column":71},"end":{"line":3,"column":94}},"2":{"start":{"line":25,"column":4},"end":{"line":25,"column":14}}},"fnMap":{"0":{"name":"(anonymous_0)","decl":{"start":{"line":3,"column":19},"end":{"line":3,"column":20}},"loc":{"start":{"line":3,"column":71},"end":{"line":3,"column":94}}},"1":{"name":"(anonymous_1)","decl":{"start":{"line":5,"column":15},"end":{"line":5,"column":16}},"loc":{"start":{"line":5,"column":70},"end":{"line":26,"column":1}}}},"branchMap":{},"s":{"0":1,"1":0,"2":0},"f":{"0":0,"1":0},"b":{}},"/home/doug/workspace/gambit/packages/test-utils/src/setup.ts":{"path":"/home/doug/workspace/gambit/packages/test-utils/src/setup.ts","statementMap":{"0":{"start":{"line":1,"column":23},"end":{"line":1,"column":51}},"1":{"start":{"line":3,"column":0},"end":{"line":3,"column":76}},"2":{"start":{"line":4,"column":0},"end":{"line":4,"column":83}},"3":{"start":{"line":6,"column":0},"end":{"line":10,"column":null}},"4":{"start":{"line":7,"column":4},"end":{"line":7,"column":57}},"5":{"start":{"line":8,"column":4},"end":{"line":8,"column":64}},"6":{"start":{"line":9,"column":4},"end":{"line":9,"column":78}}},"fnMap":{"0":{"name":"(anonymous_0)","decl":{"start":{"line":6,"column":31},"end":{"line":6,"column":32}},"loc":{"start":{"line":6,"column":62},"end":{"line":10,"column":1}}}},"branchMap":{},"s":{"0":0,"1":0,"2":0,"3":0,"4":0,"5":0,"6":0},"f":{"0":0},"b":{}},"/home/doug/workspace/gambit/packages/test-utils/src/api/flush-promises.ts":{"path":"/home/doug/workspace/gambit/packages/test-utils/src/api/flush-promises.ts","statementMap":{"0":{"start":{"line":4,"column":4},"end":{"line":4,"column":57}},"1":{"start":{"line":4,"column":30},"end":{"line":4,"column":55}},"2":{"start":{"line":3,"column":0},"end":{"line":3,"column":15}}},"fnMap":{"0":{"name":"default_1","decl":{"start":{"line":3,"column":20},"end":{"line":3,"column":30}},"loc":{"start":{"line":3,"column":82},"end":{"line":5,"column":1}}},"1":{"name":"(anonymous_1)","decl":{"start":{"line":4,"column":23},"end":{"line":4,"column":26}},"loc":{"start":{"line":4,"column":30},"end":{"line":4,"column":55}}}},"branchMap":{"0":{"loc":{"start":{"line":3,"column":30},"end":{"line":3,"column":82}},"type":"default-arg","locations":[{"start":{"line":3,"column":67},"end":{"line":3,"column":82}}]}},"s":{"0":1,"1":1,"2":1},"f":{"0":1,"1":1},"b":{"0":[0]}},"/home/doug/workspace/gambit/packages/test-utils/src/api/mount.ts":{"path":"/home/doug/workspace/gambit/packages/test-utils/src/api/mount.ts","statementMap":{"0":{"start":{"line":1,"column":0},"end":{"line":1,"column":53}},"1":{"start":{"line":2,"column":0},"end":{"line":2,"column":42}},"2":{"start":{"line":3,"column":0},"end":{"line":3,"column":35}},"3":{"start":{"line":7,"column":0},"end":{"line":12,"column":2}},"4":{"start":{"line":8,"column":24},"end":{"line":8,"column":54}},"5":{"start":{"line":9,"column":20},"end":{"line":9,"column":67}},"6":{"start":{"line":11,"column":4},"end":{"line":11,"column":36}}},"fnMap":{"0":{"name":"(anonymous_1)","decl":{"start":{"line":7,"column":15},"end":{"line":7,"column":20}},"loc":{"start":{"line":7,"column":104},"end":{"line":12,"column":1}}}},"branchMap":{"0":{"loc":{"start":{"line":7,"column":60},"end":{"line":7,"column":100}},"type":"default-arg","locations":[{"start":{"line":7,"column":98},"end":{"line":7,"column":100}}]}},"s":{"0":1,"1":1,"2":1,"3":1,"4":2,"5":1,"6":1},"f":{"0":2},"b":{"0":[2]}},"/home/doug/workspace/gambit/packages/test-utils/src/util/base-wrapper.ts":{"path":"/home/doug/workspace/gambit/packages/test-utils/src/util/base-wrapper.ts","statementMap":{"0":{"start":{"line":1,"column":0},"end":{"line":1,"column":48}},"1":{"start":{"line":2,"column":0},"end":{"line":2,"column":43}},"2":{"start":{"line":3,"column":0},"end":{"line":3,"column":43}},"3":{"start":{"line":7,"column":17},"end":{"line":7,"column":78}},"4":{"start":{"line":7,"column":57},"end":{"line":7,"column":78}},"5":{"start":{"line":13,"column":8},"end":{"line":13,"column":31}},"6":{"start":{"line":17,"column":8},"end":{"line":17,"column":20}},"7":{"start":{"line":21,"column":8},"end":{"line":21,"column":38}},"8":{"start":{"line":25,"column":8},"end":{"line":29,"column":null}},"9":{"start":{"line":26,"column":12},"end":{"line":26,"column":60}},"10":{"start":{"line":28,"column":12},"end":{"line":28,"column":43}},"11":{"start":{"line":33,"column":8},"end":{"line":33,"column":40}},"12":{"start":{"line":37,"column":8},"end":{"line":41,"column":null}},"13":{"start":{"line":38,"column":12},"end":{"line":38,"column":62}},"14":{"start":{"line":40,"column":12},"end":{"line":40,"column":42}},"15":{"start":{"line":45,"column":24},"end":{"line":45,"column":60}},"16":{"start":{"line":47,"column":8},"end":{"line":49,"column":null}},"17":{"start":{"line":48,"column":12},"end":{"line":48,"column":50}},"18":{"start":{"line":51,"column":8},"end":{"line":51,"column":44}},"19":{"start":{"line":55,"column":25},"end":{"line":55,"column":64}},"20":{"start":{"line":57,"column":8},"end":{"line":59,"column":null}},"21":{"start":{"line":58,"column":12},"end":{"line":58,"column":50}},"22":{"start":{"line":61,"column":8},"end":{"line":61,"column":68}},"23":{"start":{"line":65,"column":28},"end":{"line":65,"column":58}},"24":{"start":{"line":66,"column":24},"end":{"line":66,"column":63}},"25":{"start":{"line":68,"column":8},"end":{"line":70,"column":null}},"26":{"start":{"line":69,"column":12},"end":{"line":69,"column":63}},"27":{"start":{"line":72,"column":8},"end":{"line":72,"column":44}},"28":{"start":{"line":76,"column":28},"end":{"line":76,"column":58}},"29":{"start":{"line":77,"column":25},"end":{"line":77,"column":67}},"30":{"start":{"line":79,"column":8},"end":{"line":81,"column":null}},"31":{"start":{"line":80,"column":12},"end":{"line":80,"column":63}},"32":{"start":{"line":83,"column":8},"end":{"line":83,"column":68}},"33":{"start":{"line":9,"column":0},"end":{"line":9,"column":21}}},"fnMap":{"0":{"name":"(anonymous_1)","decl":{"start":{"line":7,"column":17},"end":{"line":7,"column":18}},"loc":{"start":{"line":7,"column":57},"end":{"line":7,"column":78}}},"1":{"name":"(anonymous_2)","decl":{"start":{"line":12,"column":4},"end":{"line":12,"column":16}},"loc":{"start":{"line":12,"column":49},"end":{"line":14,"column":5}}},"2":{"name":"(anonymous_3)","decl":{"start":{"line":16,"column":4},"end":{"line":16,"column":10}},"loc":{"start":{"line":16,"column":10},"end":{"line":18,"column":5}}},"3":{"name":"(anonymous_4)","decl":{"start":{"line":20,"column":4},"end":{"line":20,"column":8}},"loc":{"start":{"line":20,"column":8},"end":{"line":22,"column":5}}},"4":{"name":"(anonymous_5)","decl":{"start":{"line":24,"column":4},"end":{"line":24,"column":14}},"loc":{"start":{"line":24,"column":37},"end":{"line":30,"column":5}}},"5":{"name":"(anonymous_6)","decl":{"start":{"line":32,"column":4},"end":{"line":32,"column":8}},"loc":{"start":{"line":32,"column":8},"end":{"line":34,"column":5}}},"6":{"name":"(anonymous_7)","decl":{"start":{"line":36,"column":4},"end":{"line":36,"column":11}},"loc":{"start":{"line":36,"column":30},"end":{"line":42,"column":5}}},"7":{"name":"(anonymous_8)","decl":{"start":{"line":44,"column":4},"end":{"line":44,"column":8}},"loc":{"start":{"line":44,"column":25},"end":{"line":52,"column":5}}},"8":{"name":"(anonymous_9)","decl":{"start":{"line":54,"column":4},"end":{"line":54,"column":11}},"loc":{"start":{"line":54,"column":28},"end":{"line":62,"column":5}}},"9":{"name":"(anonymous_10)","decl":{"start":{"line":64,"column":4},"end":{"line":64,"column":17}},"loc":{"start":{"line":64,"column":54},"end":{"line":73,"column":5}}},"10":{"name":"(anonymous_11)","decl":{"start":{"line":75,"column":4},"end":{"line":75,"column":20}},"loc":{"start":{"line":75,"column":57},"end":{"line":84,"column":5}}}},"branchMap":{"0":{"loc":{"start":{"line":25,"column":8},"end":{"line":29,"column":null}},"type":"if","locations":[{"start":{"line":25,"column":8},"end":{"line":29,"column":null}},{"start":{"line":27,"column":15},"end":{"line":29,"column":null}}]},"1":{"loc":{"start":{"line":37,"column":8},"end":{"line":41,"column":null}},"type":"if","locations":[{"start":{"line":37,"column":8},"end":{"line":41,"column":null}},{"start":{"line":39,"column":15},"end":{"line":41,"column":null}}]},"2":{"loc":{"start":{"line":47,"column":8},"end":{"line":49,"column":null}},"type":"if","locations":[{"start":{"line":47,"column":8},"end":{"line":49,"column":null}}]},"3":{"loc":{"start":{"line":57,"column":8},"end":{"line":59,"column":null}},"type":"if","locations":[{"start":{"line":57,"column":8},"end":{"line":59,"column":null}}]},"4":{"loc":{"start":{"line":68,"column":8},"end":{"line":70,"column":null}},"type":"if","locations":[{"start":{"line":68,"column":8},"end":{"line":70,"column":null}}]},"5":{"loc":{"start":{"line":79,"column":8},"end":{"line":81,"column":null}},"type":"if","locations":[{"start":{"line":79,"column":8},"end":{"line":81,"column":null}}]}},"s":{"0":2,"1":2,"2":2,"3":2,"4":5,"5":8,"6":1,"7":1,"8":4,"9":3,"10":1,"11":1,"12":1,"13":1,"14":0,"15":0,"16":0,"17":0,"18":0,"19":0,"20":0,"21":0,"22":0,"23":0,"24":0,"25":0,"26":0,"27":0,"28":0,"29":0,"30":0,"31":0,"32":0,"33":2},"f":{"0":5,"1":8,"2":1,"3":1,"4":4,"5":1,"6":1,"7":0,"8":0,"9":0,"10":0},"b":{"0":[3,1],"1":[1,0],"2":[0],"3":[0],"4":[0],"5":[0]}},"/home/doug/workspace/gambit/packages/test-utils/src/util/empty-wrapper.ts":{"path":"/home/doug/workspace/gambit/packages/test-utils/src/util/empty-wrapper.ts","statementMap":{"0":{"start":{"line":4,"column":4},"end":{"line":4,"column":22}},"1":{"start":{"line":7,"column":8},"end":{"line":7,"column":34}},"2":{"start":{"line":15,"column":8},"end":{"line":15,"column":68}},"3":{"start":{"line":19,"column":8},"end":{"line":19,"column":71}},"4":{"start":{"line":23,"column":8},"end":{"line":23,"column":21}},"5":{"start":{"line":27,"column":8},"end":{"line":27,"column":77}},"6":{"start":{"line":31,"column":8},"end":{"line":31,"column":80}},"7":{"start":{"line":35,"column":8},"end":{"line":35,"column":68}},"8":{"start":{"line":39,"column":8},"end":{"line":39,"column":68}},"9":{"start":{"line":43,"column":8},"end":{"line":43,"column":74}},"10":{"start":{"line":47,"column":8},"end":{"line":47,"column":71}},"11":{"start":{"line":3,"column":0},"end":{"line":3,"column":21}},"12":{"start":{"line":10,"column":22},"end":{"line":12,"column":null}},"13":{"start":{"line":11,"column":8},"end":{"line":11,"column":null}}},"fnMap":{"0":{"name":"(anonymous_2)","decl":{"start":{"line":6,"column":4},"end":{"line":6,"column":16}},"loc":{"start":{"line":6,"column":51},"end":{"line":8,"column":5}}},"1":{"name":"(anonymous_3)","decl":{"start":{"line":14,"column":4},"end":{"line":14,"column":8}},"loc":{"start":{"line":14,"column":25},"end":{"line":16,"column":5}}},"2":{"name":"(anonymous_4)","decl":{"start":{"line":18,"column":4},"end":{"line":18,"column":11}},"loc":{"start":{"line":18,"column":28},"end":{"line":20,"column":5}}},"3":{"name":"(anonymous_5)","decl":{"start":{"line":22,"column":4},"end":{"line":22,"column":10}},"loc":{"start":{"line":22,"column":10},"end":{"line":24,"column":5}}},"4":{"name":"(anonymous_6)","decl":{"start":{"line":26,"column":4},"end":{"line":26,"column":17}},"loc":{"start":{"line":26,"column":54},"end":{"line":28,"column":5}}},"5":{"name":"(anonymous_7)","decl":{"start":{"line":30,"column":4},"end":{"line":30,"column":20}},"loc":{"start":{"line":30,"column":57},"end":{"line":32,"column":5}}},"6":{"name":"(anonymous_8)","decl":{"start":{"line":34,"column":4},"end":{"line":34,"column":8}},"loc":{"start":{"line":34,"column":8},"end":{"line":36,"column":5}}},"7":{"name":"(anonymous_9)","decl":{"start":{"line":38,"column":4},"end":{"line":38,"column":8}},"loc":{"start":{"line":38,"column":8},"end":{"line":40,"column":5}}},"8":{"name":"(anonymous_10)","decl":{"start":{"line":42,"column":4},"end":{"line":42,"column":14}},"loc":{"start":{"line":42,"column":14},"end":{"line":44,"column":5}}},"9":{"name":"(anonymous_11)","decl":{"start":{"line":46,"column":4},"end":{"line":46,"column":11}},"loc":{"start":{"line":46,"column":11},"end":{"line":48,"column":5}}},"10":{"name":"_EmptyWrapper_makeErrorMessage","decl":{"start":{"line":10,"column":22},"end":{"line":10,"column":24}},"loc":{"start":{"line":10,"column":52},"end":{"line":12,"column":5}}}},"branchMap":{},"s":{"0":7,"1":7,"2":1,"3":1,"4":1,"5":1,"6":1,"7":1,"8":1,"9":0,"10":0,"11":3,"12":3,"13":6},"f":{"0":7,"1":1,"2":1,"3":1,"4":1,"5":1,"6":1,"7":1,"8":0,"9":0,"10":6},"b":{}},"/home/doug/workspace/gambit/packages/test-utils/src/util/get-element-name.ts":{"path":"/home/doug/workspace/gambit/packages/test-utils/src/util/get-element-name.ts","statementMap":{"0":{"start":{"line":1,"column":0},"end":{"line":9,"column":2}},"1":{"start":{"line":2,"column":24},"end":{"line":2,"column":76}},"2":{"start":{"line":4,"column":4},"end":{"line":6,"column":null}},"3":{"start":{"line":5,"column":8},"end":{"line":5,"column":108}},"4":{"start":{"line":8,"column":4},"end":{"line":8,"column":23}}},"fnMap":{"0":{"name":"(anonymous_0)","decl":{"start":{"line":1,"column":15},"end":{"line":1,"column":16}},"loc":{"start":{"line":1,"column":76},"end":{"line":9,"column":1}}}},"branchMap":{"0":{"loc":{"start":{"line":4,"column":4},"end":{"line":6,"column":null}},"type":"if","locations":[{"start":{"line":4,"column":4},"end":{"line":6,"column":null}}]}},"s":{"0":3,"1":3,"2":3,"3":1,"4":2},"f":{"0":3},"b":{"0":[1]}},"/home/doug/workspace/gambit/packages/test-utils/src/util/render.ts":{"path":"/home/doug/workspace/gambit/packages/test-utils/src/util/render.ts","statementMap":{"0":{"start":{"line":1,"column":0},"end":{"line":1,"column":46}},"1":{"start":{"line":4,"column":15},"end":{"line":4,"column":29}},"2":{"start":{"line":4,"column":21},"end":{"line":4,"column":29}},"3":{"start":{"line":8,"column":23},"end":{"line":8,"column":37}},"4":{"start":{"line":9,"column":28},"end":{"line":9,"column":33}},"5":{"start":{"line":11,"column":0},"end":{"line":36,"column":2}},"6":{"start":{"line":12,"column":15},"end":{"line":12,"column":23}},"7":{"start":{"line":14,"column":24},"end":{"line":14,"column":67}},"8":{"start":{"line":15,"column":4},"end":{"line":15,"column":49}},"9":{"start":{"line":17,"column":35},"end":{"line":17,"column":143}},"10":{"start":{"line":17,"column":92},"end":{"line":17,"column":131}},"11":{"start":{"line":18,"column":4},"end":{"line":18,"column":97}},"12":{"start":{"line":20,"column":4},"end":{"line":20,"column":43}},"13":{"start":{"line":22,"column":4},"end":{"line":35,"column":7}},"14":{"start":{"line":23,"column":25},"end":{"line":23,"column":93}},"15":{"start":{"line":25,"column":33},"end":{"line":33,"column":9}},"16":{"start":{"line":26,"column":28},"end":{"line":26,"column":60}},"17":{"start":{"line":27,"column":12},"end":{"line":32,"column":null}},"18":{"start":{"line":28,"column":16},"end":{"line":28,"column":55}},"19":{"start":{"line":29,"column":16},"end":{"line":29,"column":33}},"20":{"start":{"line":31,"column":16},"end":{"line":31,"column":63}},"21":{"start":{"line":34,"column":8},"end":{"line":34,"column":27}}},"fnMap":{"0":{"name":"(anonymous_0)","decl":{"start":{"line":4,"column":15},"end":{"line":4,"column":18}},"loc":{"start":{"line":4,"column":21},"end":{"line":4,"column":29}}},"1":{"name":"(anonymous_1)","decl":{"start":{"line":11,"column":15},"end":{"line":11,"column":20}},"loc":{"start":{"line":11,"column":164},"end":{"line":36,"column":1}}},"2":{"name":"(anonymous_2)","decl":{"start":{"line":17,"column":69},"end":{"line":17,"column":70}},"loc":{"start":{"line":17,"column":92},"end":{"line":17,"column":131}}},"3":{"name":"(anonymous_3)","decl":{"start":{"line":22,"column":23},"end":{"line":22,"column":30}},"loc":{"start":{"line":22,"column":33},"end":{"line":35,"column":5}}},"4":{"name":"(anonymous_4)","decl":{"start":{"line":25,"column":33},"end":{"line":25,"column":36}},"loc":{"start":{"line":25,"column":38},"end":{"line":33,"column":9}}}},"branchMap":{"0":{"loc":{"start":{"line":11,"column":37},"end":{"line":11,"column":59}},"type":"default-arg","locations":[{"start":{"line":11,"column":50},"end":{"line":11,"column":59}}]},"1":{"loc":{"start":{"line":11,"column":61},"end":{"line":11,"column":70}},"type":"default-arg","locations":[{"start":{"line":11,"column":68},"end":{"line":11,"column":70}}]},"2":{"loc":{"start":{"line":27,"column":12},"end":{"line":32,"column":null}},"type":"if","locations":[{"start":{"line":27,"column":12},"end":{"line":32,"column":null}},{"start":{"line":30,"column":19},"end":{"line":32,"column":null}}]}},"s":{"0":2,"1":2,"2":4,"3":2,"4":2,"5":2,"6":4,"7":4,"8":4,"9":4,"10":1,"11":4,"12":4,"13":4,"14":4,"15":4,"16":4,"17":4,"18":4,"19":4,"20":0,"21":4},"f":{"0":4,"1":4,"2":1,"3":4,"4":4},"b":{"0":[3],"1":[3],"2":[4,0]}},"/home/doug/workspace/gambit/packages/test-utils/src/util/wrapper-array.ts":{"path":"/home/doug/workspace/gambit/packages/test-utils/src/util/wrapper-array.ts","statementMap":{"0":{"start":{"line":1,"column":0},"end":{"line":1,"column":41}},"1":{"start":{"line":2,"column":0},"end":{"line":2,"column":43}},"2":{"start":{"line":3,"column":0},"end":{"line":3,"column":48}},"3":{"start":{"line":11,"column":8},"end":{"line":11,"column":33}},"4":{"start":{"line":15,"column":8},"end":{"line":15,"column":20}},"5":{"start":{"line":21,"column":8},"end":{"line":26,"column":null}},"6":{"start":{"line":22,"column":12},"end":{"line":22,"column":52}},"7":{"start":{"line":23,"column":12},"end":{"line":25,"column":null}},"8":{"start":{"line":24,"column":16},"end":{"line":24,"column":22}},"9":{"start":{"line":28,"column":8},"end":{"line":30,"column":null}},"10":{"start":{"line":29,"column":12},"end":{"line":29,"column":55}},"11":{"start":{"line":32,"column":8},"end":{"line":32,"column":46}},"12":{"start":{"line":36,"column":25},"end":{"line":38,"column":14}},"13":{"start":{"line":37,"column":12},"end":{"line":37,"column":87}},"14":{"start":{"line":40,"column":8},"end":{"line":42,"column":null}},"15":{"start":{"line":41,"column":12},"end":{"line":41,"column":50}},"16":{"start":{"line":44,"column":8},"end":{"line":46,"column":null}},"17":{"start":{"line":45,"column":12},"end":{"line":45,"column":61}},"18":{"start":{"line":48,"column":8},"end":{"line":48,"column":46}},"19":{"start":{"line":52,"column":28},"end":{"line":52,"column":58}},"20":{"start":{"line":54,"column":8},"end":{"line":54,"column":38}},"21":{"start":{"line":58,"column":28},"end":{"line":58,"column":58}},"22":{"start":{"line":60,"column":8},"end":{"line":60,"column":41}},"23":{"start":{"line":64,"column":29},"end":{"line":66,"column":14}},"24":{"start":{"line":65,"column":12},"end":{"line":65,"column":58}},"25":{"start":{"line":67,"column":8},"end":{"line":67,"column":46}},"26":{"start":{"line":71,"column":29},"end":{"line":71,"column":89}},"27":{"start":{"line":71,"column":69},"end":{"line":71,"column":88}},"28":{"start":{"line":72,"column":8},"end":{"line":72,"column":51}},"29":{"start":{"line":76,"column":8},"end":{"line":76,"column":104}},"30":{"start":{"line":80,"column":8},"end":{"line":80,"column":101}},"31":{"start":{"line":7,"column":0},"end":{"line":7,"column":21}}},"fnMap":{"0":{"name":"(anonymous_1)","decl":{"start":{"line":10,"column":4},"end":{"line":10,"column":16}},"loc":{"start":{"line":10,"column":58},"end":{"line":12,"column":5}}},"1":{"name":"(anonymous_2)","decl":{"start":{"line":14,"column":4},"end":{"line":14,"column":10}},"loc":{"start":{"line":14,"column":10},"end":{"line":16,"column":5}}},"2":{"name":"(anonymous_3)","decl":{"start":{"line":18,"column":4},"end":{"line":18,"column":8}},"loc":{"start":{"line":18,"column":25},"end":{"line":33,"column":5}}},"3":{"name":"(anonymous_4)","decl":{"start":{"line":35,"column":4},"end":{"line":35,"column":11}},"loc":{"start":{"line":35,"column":28},"end":{"line":49,"column":5}}},"4":{"name":"(anonymous_5)","decl":{"start":{"line":36,"column":46},"end":{"line":36,"column":47}},"loc":{"start":{"line":36,"column":96},"end":{"line":38,"column":9}}},"5":{"name":"(anonymous_6)","decl":{"start":{"line":51,"column":4},"end":{"line":51,"column":17}},"loc":{"start":{"line":51,"column":54},"end":{"line":55,"column":5}}},"6":{"name":"(anonymous_7)","decl":{"start":{"line":57,"column":4},"end":{"line":57,"column":20}},"loc":{"start":{"line":57,"column":57},"end":{"line":61,"column":5}}},"7":{"name":"(anonymous_8)","decl":{"start":{"line":63,"column":4},"end":{"line":63,"column":8}},"loc":{"start":{"line":63,"column":8},"end":{"line":68,"column":5}}},"8":{"name":"(anonymous_9)","decl":{"start":{"line":64,"column":50},"end":{"line":64,"column":51}},"loc":{"start":{"line":64,"column":92},"end":{"line":66,"column":9}}},"9":{"name":"(anonymous_10)","decl":{"start":{"line":70,"column":4},"end":{"line":70,"column":8}},"loc":{"start":{"line":70,"column":8},"end":{"line":73,"column":5}}},"10":{"name":"(anonymous_11)","decl":{"start":{"line":71,"column":47},"end":{"line":71,"column":48}},"loc":{"start":{"line":71,"column":69},"end":{"line":71,"column":88}}},"11":{"name":"(anonymous_12)","decl":{"start":{"line":75,"column":4},"end":{"line":75,"column":14}},"loc":{"start":{"line":75,"column":37},"end":{"line":77,"column":5}}},"12":{"name":"(anonymous_13)","decl":{"start":{"line":79,"column":4},"end":{"line":79,"column":11}},"loc":{"start":{"line":79,"column":30},"end":{"line":81,"column":5}}}},"branchMap":{"0":{"loc":{"start":{"line":23,"column":12},"end":{"line":25,"column":null}},"type":"if","locations":[{"start":{"line":23,"column":12},"end":{"line":25,"column":null}}]},"1":{"loc":{"start":{"line":28,"column":8},"end":{"line":30,"column":null}},"type":"if","locations":[{"start":{"line":28,"column":8},"end":{"line":30,"column":null}}]},"2":{"loc":{"start":{"line":40,"column":8},"end":{"line":42,"column":null}},"type":"if","locations":[{"start":{"line":40,"column":8},"end":{"line":42,"column":null}}]},"3":{"loc":{"start":{"line":44,"column":8},"end":{"line":46,"column":null}},"type":"if","locations":[{"start":{"line":44,"column":8},"end":{"line":46,"column":null}}]}},"s":{"0":2,"1":2,"2":2,"3":0,"4":0,"5":0,"6":0,"7":0,"8":0,"9":0,"10":0,"11":0,"12":0,"13":0,"14":0,"15":0,"16":0,"17":0,"18":0,"19":0,"20":0,"21":0,"22":0,"23":0,"24":0,"25":0,"26":0,"27":0,"28":0,"29":0,"30":0,"31":2},"f":{"0":0,"1":0,"2":0,"3":0,"4":0,"5":0,"6":0,"7":0,"8":0,"9":0,"10":0,"11":0,"12":0},"b":{"0":[0],"1":[0],"2":[0],"3":[0]}},"/home/doug/workspace/gambit/packages/test-utils-lit-example/src/button.ts":{"path":"/home/doug/workspace/gambit/packages/test-utils-lit-example/src/button.ts","statementMap":{"0":{"start":{"line":5,"column":7},"end":{"line":18,"column":null}},"1":{"start":{"line":8,"column":8},"end":{"line":8,"column":16}},"2":{"start":{"line":9,"column":8},"end":{"line":9,"column":28}},"3":{"start":{"line":16,"column":8},"end":{"line":16,"column":106}},"4":{"start":{"line":13,"column":4},"end":{"line":13,"column":null}},"5":{"start":{"line":5,"column":13},"end":{"line":18,"column":null}}},"fnMap":{"0":{"name":"(anonymous_1)","decl":{"start":{"line":7,"column":4},"end":{"line":7,"column":null}},"loc":{"start":{"line":7,"column":4},"end":{"line":10,"column":5}}},"1":{"name":"(anonymous_2)","decl":{"start":{"line":15,"column":4},"end":{"line":15,"column":10}},"loc":{"start":{"line":15,"column":10},"end":{"line":17,"column":5}}}},"branchMap":{},"s":{"0":1,"1":1,"2":1,"3":1,"4":1,"5":1},"f":{"0":1,"1":1},"b":{}},"/home/doug/workspace/gambit/packages/validator/src/api/compose.ts":{"path":"/home/doug/workspace/gambit/packages/validator/src/api/compose.ts","statementMap":{"0":{"start":{"line":3,"column":21},"end":{"line":9,"column":2}},"1":{"start":{"line":11,"column":21},"end":{"line":24,"column":1}},"2":{"start":{"line":12,"column":4},"end":{"line":14,"column":null}},"3":{"start":{"line":13,"column":8},"end":{"line":13,"column":21}},"4":{"start":{"line":16,"column":4},"end":{"line":18,"column":null}},"5":{"start":{"line":17,"column":8},"end":{"line":17,"column":20}},"6":{"start":{"line":20,"column":26},"end":{"line":20,"column":47}},"7":{"start":{"line":21,"column":26},"end":{"line":21,"column":48}},"8":{"start":{"line":23,"column":4},"end":{"line":23,"column":40}},"9":{"start":{"line":26,"column":27},"end":{"line":36,"column":1}},"10":{"start":{"line":27,"column":43},"end":{"line":27,"column":52}},"11":{"start":{"line":29,"column":4},"end":{"line":33,"column":7}},"12":{"start":{"line":30,"column":8},"end":{"line":32,"column":null}},"13":{"start":{"line":31,"column":12},"end":{"line":31,"column":38}},"14":{"start":{"line":35,"column":4},"end":{"line":35,"column":22}},"15":{"start":{"line":38,"column":22},"end":{"line":40,"column":1}},"16":{"start":{"line":39,"column":4},"end":{"line":39,"column":98}},"17":{"start":{"line":39,"column":53},"end":{"line":39,"column":89}},"18":{"start":{"line":42,"column":28},"end":{"line":47,"column":1}},"19":{"start":{"line":43,"column":33},"end":{"line":43,"column":108}},"20":{"start":{"line":43,"column":55},"end":{"line":43,"column":96}},"21":{"start":{"line":44,"column":4},"end":{"line":46,"column":null}},"22":{"start":{"line":45,"column":8},"end":{"line":45,"column":71}},"23":{"start":{"line":50,"column":4},"end":{"line":65,"column":null}},"24":{"start":{"line":52,"column":29},"end":{"line":52,"column":83}},"25":{"start":{"line":52,"column":57},"end":{"line":52,"column":82}},"26":{"start":{"line":53,"column":28},"end":{"line":53,"column":55}},"27":{"start":{"line":55,"column":26},"end":{"line":55,"column":53}},"28":{"start":{"line":56,"column":28},"end":{"line":56,"column":56}},"29":{"start":{"line":57,"column":27},"end":{"line":57,"column":49}},"30":{"start":{"line":59,"column":12},"end":{"line":63,"column":14}}},"fnMap":{"0":{"name":"(anonymous_0)","decl":{"start":{"line":11,"column":21},"end":{"line":11,"column":22}},"loc":{"start":{"line":11,"column":65},"end":{"line":24,"column":1}}},"1":{"name":"(anonymous_1)","decl":{"start":{"line":26,"column":27},"end":{"line":26,"column":28}},"loc":{"start":{"line":26,"column":65},"end":{"line":36,"column":1}}},"2":{"name":"(anonymous_2)","decl":{"start":{"line":29,"column":20},"end":{"line":29,"column":26}},"loc":{"start":{"line":29,"column":29},"end":{"line":33,"column":5}}},"3":{"name":"(anonymous_3)","decl":{"start":{"line":38,"column":22},"end":{"line":38,"column":23}},"loc":{"start":{"line":38,"column":60},"end":{"line":40,"column":1}}},"4":{"name":"(anonymous_4)","decl":{"start":{"line":39,"column":26},"end":{"line":39,"column":27}},"loc":{"start":{"line":39,"column":50},"end":{"line":39,"column":90}}},"5":{"name":"(anonymous_5)","decl":{"start":{"line":42,"column":28},"end":{"line":42,"column":29}},"loc":{"start":{"line":42,"column":66},"end":{"line":47,"column":1}}},"6":{"name":"(anonymous_6)","decl":{"start":{"line":43,"column":45},"end":{"line":43,"column":51}},"loc":{"start":{"line":43,"column":55},"end":{"line":43,"column":96}}},"7":{"name":"(anonymous_7)","decl":{"start":{"line":49,"column":15},"end":{"line":49,"column":16}},"loc":{"start":{"line":49,"column":51},"end":{"line":66,"column":1}}},"8":{"name":"(anonymous_8)","decl":{"start":{"line":51,"column":8},"end":{"line":51,"column":13}},"loc":{"start":{"line":51,"column":33},"end":{"line":64,"column":9}}},"9":{"name":"(anonymous_9)","decl":{"start":{"line":52,"column":44},"end":{"line":52,"column":53}},"loc":{"start":{"line":52,"column":57},"end":{"line":52,"column":82}}}},"branchMap":{"0":{"loc":{"start":{"line":12,"column":4},"end":{"line":14,"column":null}},"type":"if","locations":[{"start":{"line":12,"column":4},"end":{"line":14,"column":null}}]},"1":{"loc":{"start":{"line":16,"column":4},"end":{"line":18,"column":null}},"type":"if","locations":[{"start":{"line":16,"column":4},"end":{"line":18,"column":null}}]},"2":{"loc":{"start":{"line":30,"column":8},"end":{"line":32,"column":null}},"type":"if","locations":[{"start":{"line":30,"column":8},"end":{"line":32,"column":null}}]},"3":{"loc":{"start":{"line":39,"column":60},"end":{"line":39,"column":88}},"type":"binary-expr","locations":[{"start":{"line":39,"column":60},"end":{"line":39,"column":73}},{"start":{"line":39,"column":77},"end":{"line":39,"column":88}}]},"4":{"loc":{"start":{"line":44,"column":4},"end":{"line":46,"column":null}},"type":"if","locations":[{"start":{"line":44,"column":4},"end":{"line":46,"column":null}}]}},"s":{"0":1,"1":1,"2":3,"3":3,"4":0,"5":0,"6":0,"7":0,"8":0,"9":1,"10":1,"11":1,"12":3,"13":0,"14":1,"15":1,"16":1,"17":3,"18":1,"19":1,"20":3,"21":1,"22":1,"23":1,"24":1,"25":3,"26":1,"27":1,"28":1,"29":1,"30":1},"f":{"0":3,"1":1,"2":3,"3":1,"4":3,"5":1,"6":3,"7":1,"8":1,"9":3},"b":{"0":[3],"1":[0],"2":[0],"3":[3,2],"4":[1]}},"/home/doug/workspace/gambit/packages/validator/src/api/matches-pattern.ts":{"path":"/home/doug/workspace/gambit/packages/validator/src/api/matches-pattern.ts","statementMap":{"0":{"start":{"line":4,"column":4},"end":{"line":10,"column":7}},"1":{"start":{"line":5,"column":8},"end":{"line":9,"column":null}},"2":{"start":{"line":6,"column":12},"end":{"line":6,"column":43}},"3":{"start":{"line":8,"column":12},"end":{"line":8,"column":39}}},"fnMap":{"0":{"name":"(anonymous_0)","decl":{"start":{"line":3,"column":15},"end":{"line":3,"column":16}},"loc":{"start":{"line":3,"column":44},"end":{"line":11,"column":1}}},"1":{"name":"(anonymous_1)","decl":{"start":{"line":4,"column":21},"end":{"line":4,"column":26}},"loc":{"start":{"line":4,"column":43},"end":{"line":10,"column":5}}}},"branchMap":{"0":{"loc":{"start":{"line":5,"column":8},"end":{"line":9,"column":null}},"type":"if","locations":[{"start":{"line":5,"column":8},"end":{"line":9,"column":null}},{"start":{"line":7,"column":15},"end":{"line":9,"column":null}}]}},"s":{"0":4,"1":4,"2":2,"3":2},"f":{"0":4,"1":4},"b":{"0":[2,2]}},"/home/doug/workspace/gambit/packages/validator/src/api/one-of.ts":{"path":"/home/doug/workspace/gambit/packages/validator/src/api/one-of.ts","statementMap":{"0":{"start":{"line":4,"column":4},"end":{"line":6,"column":7}},"1":{"start":{"line":5,"column":8},"end":{"line":5,"column":38}}},"fnMap":{"0":{"name":"(anonymous_0)","decl":{"start":{"line":3,"column":15},"end":{"line":3,"column":16}},"loc":{"start":{"line":3,"column":38},"end":{"line":7,"column":1}}},"1":{"name":"(anonymous_1)","decl":{"start":{"line":4,"column":21},"end":{"line":4,"column":26}},"loc":{"start":{"line":4,"column":43},"end":{"line":6,"column":5}}}},"branchMap":{},"s":{"0":2,"1":2},"f":{"0":2,"1":2},"b":{}},"/home/doug/workspace/gambit/packages/validator/src/api/required.ts":{"path":"/home/doug/workspace/gambit/packages/validator/src/api/required.ts","statementMap":{"0":{"start":{"line":4,"column":4},"end":{"line":6,"column":7}},"1":{"start":{"line":5,"column":8},"end":{"line":5,"column":23}}},"fnMap":{"0":{"name":"(anonymous_0)","decl":{"start":{"line":3,"column":15},"end":{"line":3,"column":18}},"loc":{"start":{"line":3,"column":20},"end":{"line":7,"column":1}}},"1":{"name":"(anonymous_1)","decl":{"start":{"line":4,"column":21},"end":{"line":4,"column":26}},"loc":{"start":{"line":4,"column":43},"end":{"line":6,"column":5}}}},"branchMap":{},"s":{"0":2,"1":2},"f":{"0":2,"1":2},"b":{}},"/home/doug/workspace/gambit/packages/validator/src/api/should-throw.ts":{"path":"/home/doug/workspace/gambit/packages/validator/src/api/should-throw.ts","statementMap":{"0":{"start":{"line":5,"column":24},"end":{"line":5,"column":72}},"1":{"start":{"line":8,"column":4},"end":{"line":20,"column":null}},"2":{"start":{"line":10,"column":27},"end":{"line":10,"column":58}},"3":{"start":{"line":12,"column":12},"end":{"line":14,"column":null}},"4":{"start":{"line":13,"column":16},"end":{"line":13,"column":23}},"5":{"start":{"line":16,"column":12},"end":{"line":18,"column":null}},"6":{"start":{"line":17,"column":16},"end":{"line":17,"column":77}}},"fnMap":{"0":{"name":"(anonymous_0)","decl":{"start":{"line":7,"column":15},"end":{"line":7,"column":16}},"loc":{"start":{"line":7,"column":40},"end":{"line":21,"column":1}}},"1":{"name":"(anonymous_1)","decl":{"start":{"line":9,"column":8},"end":{"line":9,"column":13}},"loc":{"start":{"line":9,"column":34},"end":{"line":19,"column":9}}}},"branchMap":{"0":{"loc":{"start":{"line":12,"column":12},"end":{"line":14,"column":null}},"type":"if","locations":[{"start":{"line":12,"column":12},"end":{"line":14,"column":null}}]},"1":{"loc":{"start":{"line":16,"column":12},"end":{"line":18,"column":null}},"type":"if","locations":[{"start":{"line":16,"column":12},"end":{"line":18,"column":null}}]},"2":{"loc":{"start":{"line":16,"column":17},"end":{"line":16,"column":62}},"type":"binary-expr","locations":[{"start":{"line":16,"column":17},"end":{"line":16,"column":34}},{"start":{"line":16,"column":38},"end":{"line":16,"column":62}}]},"3":{"loc":{"start":{"line":17,"column":42},"end":{"line":17,"column":75}},"type":"binary-expr","locations":[{"start":{"line":17,"column":42},"end":{"line":17,"column":56}},{"start":{"line":17,"column":60},"end":{"line":17,"column":75}}]}},"s":{"0":1,"1":2,"2":2,"3":2,"4":1,"5":1,"6":1},"f":{"0":2,"1":2},"b":{"0":[1],"1":[1],"2":[1,1],"3":[1,0]}},"/home/doug/workspace/gambit/packages/validator/src/api/string.ts":{"path":"/home/doug/workspace/gambit/packages/validator/src/api/string.ts","statementMap":{"0":{"start":{"line":4,"column":4},"end":{"line":6,"column":7}},"1":{"start":{"line":5,"column":8},"end":{"line":5,"column":41}}},"fnMap":{"0":{"name":"(anonymous_0)","decl":{"start":{"line":3,"column":15},"end":{"line":3,"column":18}},"loc":{"start":{"line":3,"column":20},"end":{"line":7,"column":1}}},"1":{"name":"(anonymous_1)","decl":{"start":{"line":4,"column":21},"end":{"line":4,"column":26}},"loc":{"start":{"line":4,"column":43},"end":{"line":6,"column":5}}}},"branchMap":{},"s":{"0":2,"1":2},"f":{"0":2,"1":2},"b":{}},"/home/doug/workspace/gambit/packages/validator/src/api/validator.ts":{"path":"/home/doug/workspace/gambit/packages/validator/src/api/validator.ts","statementMap":{"0":{"start":{"line":4,"column":4},"end":{"line":31,"column":6}},"1":{"start":{"line":6,"column":27},"end":{"line":6,"column":42}},"2":{"start":{"line":8,"column":12},"end":{"line":12,"column":null}},"3":{"start":{"line":9,"column":16},"end":{"line":11,"column":18}},"4":{"start":{"line":14,"column":12},"end":{"line":20,"column":null}},"5":{"start":{"line":15,"column":16},"end":{"line":19,"column":null}},"6":{"start":{"line":22,"column":12},"end":{"line":27,"column":null}},"7":{"start":{"line":23,"column":16},"end":{"line":26,"column":null}},"8":{"start":{"line":29,"column":12},"end":{"line":29,"column":26}}},"fnMap":{"0":{"name":"(anonymous_0)","decl":{"start":{"line":3,"column":15},"end":{"line":3,"column":16}},"loc":{"start":{"line":3,"column":41},"end":{"line":32,"column":1}}},"1":{"name":"(anonymous_1)","decl":{"start":{"line":5,"column":8},"end":{"line":5,"column":13}},"loc":{"start":{"line":5,"column":34},"end":{"line":30,"column":9}}}},"branchMap":{"0":{"loc":{"start":{"line":8,"column":12},"end":{"line":12,"column":null}},"type":"if","locations":[{"start":{"line":8,"column":12},"end":{"line":12,"column":null}}]},"1":{"loc":{"start":{"line":8,"column":16},"end":{"line":8,"column":105}},"type":"binary-expr","locations":[{"start":{"line":8,"column":16},"end":{"line":8,"column":36}},{"start":{"line":8,"column":40},"end":{"line":8,"column":55}},{"start":{"line":8,"column":59},"end":{"line":8,"column":86}},{"start":{"line":8,"column":90},"end":{"line":8,"column":105}}]},"2":{"loc":{"start":{"line":14,"column":12},"end":{"line":20,"column":null}},"type":"if","locations":[{"start":{"line":14,"column":12},"end":{"line":20,"column":null}}]},"3":{"loc":{"start":{"line":22,"column":12},"end":{"line":27,"column":null}},"type":"if","locations":[{"start":{"line":22,"column":12},"end":{"line":27,"column":null}}]}},"s":{"0":12,"1":12,"2":12,"3":6,"4":6,"5":0,"6":6,"7":6,"8":0},"f":{"0":12,"1":12},"b":{"0":[6],"1":[12,12,12,12],"2":[0],"3":[6]}},"/home/doug/workspace/gambit/packages/validator/src/api/with-level.ts":{"path":"/home/doug/workspace/gambit/packages/validator/src/api/with-level.ts","statementMap":{"0":{"start":{"line":4,"column":4},"end":{"line":13,"column":6}},"1":{"start":{"line":6,"column":27},"end":{"line":6,"column":58}},"2":{"start":{"line":8,"column":12},"end":{"line":11,"column":14}}},"fnMap":{"0":{"name":"(anonymous_0)","decl":{"start":{"line":3,"column":15},"end":{"line":3,"column":16}},"loc":{"start":{"line":3,"column":57},"end":{"line":14,"column":1}}},"1":{"name":"(anonymous_1)","decl":{"start":{"line":5,"column":8},"end":{"line":5,"column":13}},"loc":{"start":{"line":5,"column":34},"end":{"line":12,"column":9}}}},"branchMap":{},"s":{"0":1,"1":1,"2":1},"f":{"0":1,"1":1},"b":{}},"/home/doug/workspace/gambit/packages/validator/src/api/with-message.ts":{"path":"/home/doug/workspace/gambit/packages/validator/src/api/with-message.ts","statementMap":{"0":{"start":{"line":6,"column":32},"end":{"line":6,"column":58}},"1":{"start":{"line":8,"column":4},"end":{"line":21,"column":null}},"2":{"start":{"line":10,"column":27},"end":{"line":10,"column":68}},"3":{"start":{"line":12,"column":12},"end":{"line":14,"column":null}},"4":{"start":{"line":13,"column":16},"end":{"line":13,"column":30}},"5":{"start":{"line":16,"column":12},"end":{"line":19,"column":14}}},"fnMap":{"0":{"name":"(anonymous_0)","decl":{"start":{"line":5,"column":15},"end":{"line":5,"column":16}},"loc":{"start":{"line":5,"column":77},"end":{"line":22,"column":1}}},"1":{"name":"(anonymous_1)","decl":{"start":{"line":9,"column":8},"end":{"line":9,"column":13}},"loc":{"start":{"line":9,"column":33},"end":{"line":20,"column":9}}}},"branchMap":{"0":{"loc":{"start":{"line":12,"column":12},"end":{"line":14,"column":null}},"type":"if","locations":[{"start":{"line":12,"column":12},"end":{"line":14,"column":null}}]}},"s":{"0":4,"1":4,"2":4,"3":4,"4":2,"5":2},"f":{"0":4,"1":4},"b":{"0":[2]}},"/home/doug/workspace/gambit/packages/validator/src/util/ensure-validator.ts":{"path":"/home/doug/workspace/gambit/packages/validator/src/util/ensure-validator.ts","statementMap":{"0":{"start":{"line":5,"column":28},"end":{"line":5,"column":113}},"1":{"start":{"line":5,"column":90},"end":{"line":5,"column":113}},"2":{"start":{"line":8,"column":4},"end":{"line":12,"column":null}},"3":{"start":{"line":9,"column":8},"end":{"line":9,"column":41}},"4":{"start":{"line":11,"column":8},"end":{"line":11,"column":30}}},"fnMap":{"0":{"name":"(anonymous_0)","decl":{"start":{"line":5,"column":28},"end":{"line":5,"column":29}},"loc":{"start":{"line":5,"column":90},"end":{"line":5,"column":113}}},"1":{"name":"(anonymous_1)","decl":{"start":{"line":7,"column":15},"end":{"line":7,"column":16}},"loc":{"start":{"line":7,"column":76},"end":{"line":13,"column":1}}}},"branchMap":{"0":{"loc":{"start":{"line":8,"column":4},"end":{"line":12,"column":null}},"type":"if","locations":[{"start":{"line":8,"column":4},"end":{"line":12,"column":null}},{"start":{"line":10,"column":11},"end":{"line":12,"column":null}}]}},"s":{"0":1,"1":4,"2":4,"3":2,"4":2},"f":{"0":4,"1":4},"b":{"0":[2,2]}},"/home/doug/workspace/gambit/packages/validator/src/util/mock-validator.ts":{"path":"/home/doug/workspace/gambit/packages/validator/src/util/mock-validator.ts","statementMap":{"0":{"start":{"line":4,"column":4},"end":{"line":8,"column":null}},"1":{"start":{"line":6,"column":12},"end":{"line":6,"column":27}}},"fnMap":{"0":{"name":"(anonymous_0)","decl":{"start":{"line":3,"column":15},"end":{"line":3,"column":16}},"loc":{"start":{"line":3,"column":57},"end":{"line":9,"column":1}}},"1":{"name":"(anonymous_1)","decl":{"start":{"line":5,"column":8},"end":{"line":5,"column":13}},"loc":{"start":{"line":5,"column":34},"end":{"line":7,"column":9}}}},"branchMap":{},"s":{"0":7,"1":7},"f":{"0":7,"1":7},"b":{}}}